<?xml version="1.0" encoding="UTF-8"?>
<testng-results ignored="0" total="2" passed="2" failed="0" skipped="0">
  <reporter-output>
  </reporter-output>
  <suite started-at="2023-03-07T16:32:10 IST" name="Default suite" finished-at="2023-03-07T16:32:16 IST" duration-ms="6096">
    <groups>
    </groups>
    <test started-at="2023-03-07T16:32:10 IST" name="Default test" finished-at="2023-03-07T16:32:16 IST" duration-ms="6096">
      <class name="crossdemo">
        <test-method signature="hashcode()[pri:1, instance:crossdemo@3f6b0be5]" started-at="2023-03-07T16:32:10 IST" name="hashcode" finished-at="2023-03-07T16:32:16 IST" duration-ms="6065" status="PASS">
          <reporter-output>
          </reporter-output>
        </test-method> <!-- hashcode -->
        <test-method signature="stat()[pri:2, instance:crossdemo@3f6b0be5]" started-at="2023-03-07T16:32:16 IST" name="stat" finished-at="2023-03-07T16:32:16 IST" duration-ms="2" status="PASS">
          <reporter-output>
          </reporter-output>
        </test-method> <!-- stat -->
      </class> <!-- crossdemo -->
    </test> <!-- Default test -->
  </suite> <!-- Default suite -->
</testng-results>
